2024-11-26 12:38:49.874: [INFO][Sync] Reset engine, reason: 8
2024-11-26 12:38:49.874: [INFO][Sync] Stopped: Bookmarks
2024-11-26 12:38:49.874: [INFO][Sync] Stopped: Preferences
2024-11-26 12:38:49.874: [INFO][Sync] Stopped: Passwords
2024-11-26 12:38:49.874: [INFO][Sync] Stopped: Autofill Profiles
2024-11-26 12:38:49.874: [INFO][Sync] Stopped: Autofill
2024-11-26 12:38:49.874: [INFO][Sync] Stopped: Typed URLs
2024-11-26 12:38:49.874: [INFO][Sync] Stopped: Extensions
2024-11-26 12:38:49.874: [INFO][Sync] Stopped: Sessions
2024-11-26 12:38:49.874: [INFO][Sync] Stopped: Extension settings
2024-11-26 12:38:49.874: [INFO][Sync] Stopped: History Delete Directives
2024-11-26 12:38:49.874: [INFO][Sync] Stopped: Device Info
2024-11-26 12:38:49.874: [INFO][Sync] Stopped: User Consents
2024-11-26 12:38:49.874: [INFO][Sync] Stopped: Send Tab To Self
2024-11-26 12:38:49.874: [INFO][Sync] Stopped: Web Apps
2024-11-26 12:38:49.874: [INFO][Sync] Stopped: History
2024-11-26 12:38:49.874: [INFO][Sync] Stopped: Collection
2024-11-26 12:38:49.874: [INFO][Sync] Stopped: Edge E Drop
2024-11-26 12:38:49.874: [INFO][Sync] Stopped: Edge Hub App Usage
2024-11-26 12:38:49.874: [INFO][Sync] Stopped: Edge Tab Group
2024-11-26 12:38:49.874: [INFO][Sync] Stopped: Edge Wallet
2024-11-26 12:38:49.874: [INFO][Sync] SyncState after authenticated was: NotSignedIn
2024-11-26 12:38:50.322: [INFO][Sync] Reset engine, reason: 8
2024-11-26 12:38:50.322: [INFO][Sync] Stopped: Bookmarks
2024-11-26 12:38:50.322: [INFO][Sync] Stopped: Preferences
2024-11-26 12:38:50.322: [INFO][Sync] Stopped: Passwords
2024-11-26 12:38:50.322: [INFO][Sync] Stopped: Autofill Profiles
2024-11-26 12:38:50.322: [INFO][Sync] Stopped: Autofill
2024-11-26 12:38:50.322: [INFO][Sync] Stopped: Typed URLs
2024-11-26 12:38:50.322: [INFO][Sync] Stopped: Extensions
2024-11-26 12:38:50.322: [INFO][Sync] Stopped: Sessions
2024-11-26 12:38:50.322: [INFO][Sync] Stopped: Extension settings
2024-11-26 12:38:50.322: [INFO][Sync] Stopped: History Delete Directives
2024-11-26 12:38:50.322: [INFO][Sync] Stopped: Device Info
2024-11-26 12:38:50.322: [INFO][Sync] Stopped: User Consents
2024-11-26 12:38:50.322: [INFO][Sync] Stopped: Send Tab To Self
2024-11-26 12:38:50.322: [INFO][Sync] Stopped: Web Apps
2024-11-26 12:38:50.322: [INFO][Sync] Stopped: History
2024-11-26 12:38:50.322: [INFO][Sync] Stopped: Collection
2024-11-26 12:38:50.322: [INFO][Sync] Stopped: Edge E Drop
2024-11-26 12:38:50.322: [INFO][Sync] Stopped: Edge Hub App Usage
2024-11-26 12:38:50.322: [INFO][Sync] Stopped: Edge Tab Group
2024-11-26 12:38:50.322: [INFO][Sync] Stopped: Edge Wallet
2024-11-26 12:38:50.624: [INFO][Sync] Try to start sync engine
2024-11-26 12:38:50.625: [INFO][SyncManagerImpl::NudgeForInitialDownload] Initial download nudge for Encryption Keys
2024-11-26 12:38:50.626: [INFO][SyncEngineBackend::LoadAndConnectNigoriController] Load and connect Nigori controller
2024-11-26 12:38:50.626: [INFO][SyncEngineBackend::DoInitialize] Control Types added: Encryption Keys
2024-11-26 12:38:50.626: [INFO][SyncManagerImpl::ConfigureSyncer] Types to download: Encryption Keys with reason: 3
2024-11-26 12:38:50.626: [INFO][SyncSchedulerImpl::DoConfigurationSyncCycleJob] Configure job was blocked
2024-11-26 12:39:23.993: [INFO][SyncAuthManager::EdgeLogTokenErrorState] Token error with: EDGE_AUTH_ERROR: 3, 13, 800704cf for account type: MSA
2024-11-26 12:39:23.993: [INFO][Sync] Credentials changed for: EdgeSyncKeyDataScope
2024-11-26 12:39:26.152: [INFO][SyncAuthManager::EdgeLogTokenErrorState] Token error with: EDGE_AUTH_ERROR: 3, 13, 800704cf for account type: MSA
2024-11-26 12:39:26.152: [INFO][Sync] Credentials changed for: EdgeSyncScopeNew
2024-11-26 12:39:26.152: [WARN][Sync]    Token is empty
2024-11-26 12:39:26.153: [INFO][Sync] Connection status changed to: 2
2024-11-26 12:39:58.509: [INFO][SyncAuthManager::EdgeLogTokenErrorState] Token error with: EDGE_AUTH_ERROR: 3, 13, 800704cf for account type: MSA
2024-11-26 12:39:58.509: [INFO][Sync] Credentials changed for: EdgeSyncKeyDataScope
2024-11-26 12:39:59.865: [INFO][SyncAuthManager::EdgeLogTokenErrorState] Token error with: EDGE_AUTH_ERROR: 3, 13, 800704cf for account type: MSA
2024-11-26 12:39:59.865: [INFO][Sync] Credentials changed for: EdgeSyncScopeNew
2024-11-26 12:39:59.865: [WARN][Sync]    Token is empty
2024-11-26 12:39:59.866: [INFO][Sync] Connection status changed to: 2
2024-11-26 12:40:34.671: [INFO][SyncAuthManager::EdgeLogTokenErrorState] Token error with: EDGE_AUTH_ERROR: 3, 13, 800704cf for account type: MSA
2024-11-26 12:40:34.671: [INFO][Sync] Credentials changed for: EdgeSyncKeyDataScope
2024-11-26 12:40:37.321: [INFO][SyncAuthManager::EdgeLogTokenErrorState] Token error with: EDGE_AUTH_ERROR: 3, 13, 800704cf for account type: MSA
2024-11-26 12:40:37.321: [INFO][Sync] Credentials changed for: EdgeSyncScopeNew
2024-11-26 12:40:37.321: [WARN][Sync]    Token is empty
2024-11-26 12:40:37.322: [INFO][Sync] Connection status changed to: 2
2024-11-26 12:41:14.604: [INFO][SyncAuthManager::EdgeLogTokenErrorState] Token error with: EDGE_AUTH_ERROR: 3, 13, 800704cf for account type: MSA
2024-11-26 12:41:14.604: [INFO][Sync] Credentials changed for: EdgeSyncKeyDataScope
2024-11-26 12:41:16.850: [INFO][SyncAuthManager::EdgeLogTokenErrorState] Token error with: EDGE_AUTH_ERROR: 3, 13, 800704cf for account type: MSA
2024-11-26 12:41:16.850: [INFO][Sync] Credentials changed for: EdgeSyncScopeNew
2024-11-26 12:41:16.850: [WARN][Sync]    Token is empty
2024-11-26 12:41:16.851: [INFO][Sync] Connection status changed to: 2
2024-11-26 12:41:57.792: [INFO][SyncAuthManager::EdgeLogTokenErrorState] Token error with: EDGE_AUTH_ERROR: 3, 13, 800704cf for account type: MSA
2024-11-26 12:41:57.792: [INFO][Sync] Credentials changed for: EdgeSyncKeyDataScope
2024-11-26 12:42:00.816: [INFO][SyncAuthManager::EdgeLogTokenErrorState] Token error with: EDGE_AUTH_ERROR: 3, 13, 800704cf for account type: MSA
2024-11-26 12:42:00.816: [INFO][Sync] Credentials changed for: EdgeSyncScopeNew
2024-11-26 12:42:00.816: [WARN][Sync]    Token is empty
2024-11-26 12:42:00.817: [INFO][Sync] Connection status changed to: 2
2024-11-26 12:42:48.403: [INFO][SyncAuthManager::EdgeLogTokenErrorState] Token error with: EDGE_AUTH_ERROR: 3, 13, 800704cf for account type: MSA
2024-11-26 12:42:48.403: [INFO][Sync] Credentials changed for: EdgeSyncScopeNew
2024-11-26 12:42:48.403: [WARN][Sync]    Token is empty
2024-11-26 12:42:48.404: [INFO][Sync] Connection status changed to: 2
2024-11-26 12:42:49.627: [INFO][SyncAuthManager::EdgeLogTokenErrorState] Token error with: EDGE_AUTH_ERROR: 3, 13, 800704cf for account type: MSA
2024-11-26 12:42:49.627: [INFO][Sync] Credentials changed for: EdgeSyncKeyDataScope
2024-11-26 12:43:48.919: [INFO][SyncAuthManager::EdgeLogTokenErrorState] Token error with: EDGE_AUTH_ERROR: 3, 13, 800704cf for account type: MSA
2024-11-26 12:43:48.919: [INFO][Sync] Credentials changed for: EdgeSyncScopeNew
2024-11-26 12:43:48.919: [WARN][Sync]    Token is empty
2024-11-26 12:43:48.920: [INFO][Sync] Connection status changed to: 2
2024-11-26 12:43:51.655: [INFO][SyncAuthManager::EdgeLogTokenErrorState] Token error with: EDGE_AUTH_ERROR: 3, 13, 800704cf for account type: MSA
2024-11-26 12:43:51.655: [INFO][Sync] Credentials changed for: EdgeSyncKeyDataScope
2024-11-26 12:45:22.151: [INFO][SyncAuthManager::EdgeLogTokenErrorState] Token error with: EDGE_AUTH_ERROR: 3, 13, 800704cf for account type: MSA
2024-11-26 12:45:22.151: [INFO][Sync] Credentials changed for: EdgeSyncScopeNew
2024-11-26 12:45:22.151: [WARN][Sync]    Token is empty
2024-11-26 12:45:22.152: [INFO][Sync] Connection status changed to: 2
2024-11-26 12:45:28.206: [INFO][SyncAuthManager::EdgeLogTokenErrorState] Token error with: EDGE_AUTH_ERROR: 3, 13, 800704cf for account type: MSA
2024-11-26 12:45:28.206: [INFO][Sync] Credentials changed for: EdgeSyncKeyDataScope
2024-11-26 12:47:47.645: [INFO][SyncAuthManager::EdgeLogTokenErrorState] Token error with: EDGE_AUTH_ERROR: 3, 13, 800704cf for account type: MSA
2024-11-26 12:47:47.645: [INFO][Sync] Credentials changed for: EdgeSyncScopeNew
2024-11-26 12:47:47.645: [WARN][Sync]    Token is empty
2024-11-26 12:47:47.661: [INFO][Sync] Connection status changed to: 2
2024-11-26 12:47:57.838: [INFO][SyncAuthManager::EdgeLogTokenErrorState] Token error with: EDGE_AUTH_ERROR: 3, 13, 800704cf for account type: MSA
2024-11-26 12:47:57.838: [INFO][Sync] Credentials changed for: EdgeSyncKeyDataScope
2024-11-26 12:51:49.146: [INFO][SyncAuthManager::EdgeLogTokenErrorState] Token error with: EDGE_AUTH_ERROR: 3, 13, 800704cf for account type: MSA
2024-11-26 12:51:49.146: [INFO][Sync] Credentials changed for: EdgeSyncScopeNew
2024-11-26 12:51:49.146: [WARN][Sync]    Token is empty
2024-11-26 12:51:49.146: [INFO][Sync] Connection status changed to: 2
2024-11-26 12:52:09.798: [INFO][SyncAuthManager::EdgeLogTokenErrorState] Token error with: EDGE_AUTH_ERROR: 3, 13, 800704cf for account type: MSA
2024-11-26 12:52:09.798: [INFO][Sync] Credentials changed for: EdgeSyncKeyDataScope
2024-11-26 12:58:55.730: [INFO][SyncAuthManager::EdgeLogTokenErrorState] Token error with: EDGE_AUTH_ERROR: 3, 13, 800704cf for account type: MSA
2024-11-26 12:58:55.730: [INFO][Sync] Credentials changed for: EdgeSyncScopeNew
2024-11-26 12:58:55.730: [WARN][Sync]    Token is empty
2024-11-26 12:58:55.732: [INFO][Sync] Connection status changed to: 2
2024-11-26 13:00:21.734: [INFO][SyncAuthManager::EdgeLogTokenErrorState] Token error with: EDGE_AUTH_ERROR: 3, 13, 800704cf for account type: MSA
2024-11-26 13:00:21.734: [INFO][Sync] Credentials changed for: EdgeSyncKeyDataScope
2024-11-26 13:14:37.184: [INFO][SyncAuthManager::EdgeLogTokenErrorState] Token error with: EDGE_AUTH_ERROR: 3, 13, 800704cf for account type: MSA
2024-11-26 13:14:37.184: [INFO][Sync] Credentials changed for: EdgeSyncScopeNew
2024-11-26 13:14:37.184: [WARN][Sync]    Token is empty
2024-11-26 13:14:37.186: [INFO][Sync] Connection status changed to: 2
2024-11-26 13:14:47.864: [INFO][SyncAuthManager::EdgeLogTokenErrorState] Token error with: EDGE_AUTH_ERROR: 3, 13, 800704cf for account type: MSA
2024-11-26 13:14:47.865: [INFO][Sync] Credentials changed for: EdgeSyncKeyDataScope
2024-11-26 13:22:51.927: [INFO][Sync] Reset engine, reason: 0
2024-11-26 13:22:51.927: [INFO][Sync] Reset engine with reason: 0
2024-11-27 12:33:12.563: [INFO][Sync] SyncState after authenticated was: FeatureCanStart
2024-11-27 12:33:14.832: [INFO][Sync] Try to start sync engine
2024-11-27 12:33:14.867: [INFO][SyncManagerImpl::NudgeForInitialDownload] Initial download nudge for Encryption Keys
2024-11-27 12:33:14.867: [INFO][SyncEngineBackend::LoadAndConnectNigoriController] Load and connect Nigori controller
2024-11-27 12:33:14.867: [INFO][SyncEngineBackend::DoInitialize] Control Types added: Encryption Keys
2024-11-27 12:33:14.867: [INFO][SyncManagerImpl::ConfigureSyncer] Types to download: Encryption Keys with reason: 3
2024-11-27 12:33:14.869: [INFO][SyncSchedulerImpl::DoConfigurationSyncCycleJob] Configure job was blocked
2024-11-27 12:33:50.391: [INFO][SyncAuthManager::EdgeLogTokenErrorState] Token error with: EDGE_AUTH_ERROR: 3, 13, 800704cf for account type: MSA
2024-11-27 12:33:50.391: [INFO][Sync] Credentials changed for: EdgeSyncKeyDataScope
2024-11-27 12:33:50.515: [INFO][SyncAuthManager::EdgeLogTokenErrorState] Token error with: EDGE_AUTH_ERROR: 3, 13, 800704cf for account type: MSA
2024-11-27 12:33:50.515: [INFO][Sync] Credentials changed for: EdgeSyncScopeNew
2024-11-27 12:33:50.515: [WARN][Sync]    Token is empty
2024-11-27 12:33:50.516: [INFO][Sync] Connection status changed to: 2
2024-11-27 12:34:24.543: [INFO][SyncAuthManager::EdgeLogTokenErrorState] Token error with: EDGE_AUTH_ERROR: 3, 13, 800704cf for account type: MSA
2024-11-27 12:34:24.543: [INFO][Sync] Credentials changed for: EdgeSyncKeyDataScope
2024-11-27 12:34:26.232: [INFO][SyncAuthManager::EdgeLogTokenErrorState] Token error with: EDGE_AUTH_ERROR: 3, 13, 800704cf for account type: MSA
2024-11-27 12:34:26.232: [INFO][Sync] Credentials changed for: EdgeSyncScopeNew
2024-11-27 12:34:26.232: [WARN][Sync]    Token is empty
2024-11-27 12:34:26.232: [INFO][Sync] Connection status changed to: 2
2024-11-27 12:34:59.208: [INFO][SyncAuthManager::EdgeLogTokenErrorState] Token error with: EDGE_AUTH_ERROR: 3, 13, 800704cf for account type: MSA
2024-11-27 12:34:59.208: [INFO][Sync] Credentials changed for: EdgeSyncKeyDataScope
2024-11-27 12:35:02.663: [INFO][SyncAuthManager::EdgeLogTokenErrorState] Token error with: EDGE_AUTH_ERROR: 3, 13, 800704cf for account type: MSA
2024-11-27 12:35:02.663: [INFO][Sync] Credentials changed for: EdgeSyncScopeNew
2024-11-27 12:35:02.663: [WARN][Sync]    Token is empty
2024-11-27 12:35:02.664: [INFO][Sync] Connection status changed to: 2
2024-11-27 12:35:37.802: [INFO][SyncAuthManager::EdgeLogTokenErrorState] Token error with: EDGE_AUTH_ERROR: 3, 13, 800704cf for account type: MSA
2024-11-27 12:35:37.802: [INFO][Sync] Credentials changed for: EdgeSyncKeyDataScope
2024-11-27 12:35:41.404: [INFO][SyncAuthManager::EdgeLogTokenErrorState] Token error with: EDGE_AUTH_ERROR: 3, 13, 800704cf for account type: MSA
2024-11-27 12:35:41.404: [INFO][Sync] Credentials changed for: EdgeSyncScopeNew
2024-11-27 12:35:41.404: [WARN][Sync]    Token is empty
2024-11-27 12:35:41.405: [INFO][Sync] Connection status changed to: 2
2024-11-27 12:36:19.315: [INFO][SyncAuthManager::EdgeLogTokenErrorState] Token error with: EDGE_AUTH_ERROR: 3, 13, 800704cf for account type: MSA
2024-11-27 12:36:19.315: [INFO][Sync] Credentials changed for: EdgeSyncKeyDataScope
2024-11-27 12:36:24.464: [INFO][SyncAuthManager::EdgeLogTokenErrorState] Token error with: EDGE_AUTH_ERROR: 3, 13, 800704cf for account type: MSA
2024-11-27 12:36:24.464: [INFO][Sync] Credentials changed for: EdgeSyncScopeNew
2024-11-27 12:36:24.464: [WARN][Sync]    Token is empty
2024-11-27 12:36:24.464: [INFO][Sync] Connection status changed to: 2
2024-11-27 12:37:06.877: [INFO][SyncAuthManager::EdgeLogTokenErrorState] Token error with: EDGE_AUTH_ERROR: 3, 13, 800704cf for account type: MSA
2024-11-27 12:37:06.877: [INFO][Sync] Credentials changed for: EdgeSyncKeyDataScope
2024-11-27 12:37:14.070: [INFO][SyncAuthManager::EdgeLogTokenErrorState] Token error with: EDGE_AUTH_ERROR: 3, 13, 800704cf for account type: MSA
2024-11-27 12:37:14.070: [INFO][Sync] Credentials changed for: EdgeSyncScopeNew
2024-11-27 12:37:14.070: [WARN][Sync]    Token is empty
2024-11-27 12:37:14.072: [INFO][Sync] Connection status changed to: 2
2024-11-27 12:38:10.569: [INFO][SyncAuthManager::EdgeLogTokenErrorState] Token error with: EDGE_AUTH_ERROR: 3, 13, 800704cf for account type: MSA
2024-11-27 12:38:10.570: [INFO][Sync] Credentials changed for: EdgeSyncKeyDataScope
2024-11-27 12:38:12.617: [INFO][SyncAuthManager::EdgeLogTokenErrorState] Token error with: EDGE_AUTH_ERROR: 3, 13, 800704cf for account type: MSA
2024-11-27 12:38:12.618: [INFO][Sync] Credentials changed for: EdgeSyncScopeNew
2024-11-27 12:38:12.618: [WARN][Sync]    Token is empty
2024-11-27 12:38:12.619: [INFO][Sync] Connection status changed to: 2
2024-11-27 12:39:44.822: [INFO][SyncAuthManager::EdgeLogTokenErrorState] Token error with: EDGE_AUTH_ERROR: 3, 13, 800704cf for account type: MSA
2024-11-27 12:39:44.822: [INFO][Sync] Credentials changed for: EdgeSyncScopeNew
2024-11-27 12:39:44.822: [WARN][Sync]    Token is empty
2024-11-27 12:39:44.823: [INFO][Sync] Connection status changed to: 2
2024-11-27 12:39:49.832: [INFO][SyncAuthManager::EdgeLogTokenErrorState] Token error with: EDGE_AUTH_ERROR: 3, 13, 800704cf for account type: MSA
2024-11-27 12:39:49.832: [INFO][Sync] Credentials changed for: EdgeSyncKeyDataScope
2024-11-27 12:42:03.633: [INFO][SyncAuthManager::EdgeLogTokenErrorState] Token error with: EDGE_AUTH_ERROR: 3, 13, 800704cf for account type: MSA
2024-11-27 12:42:03.633: [INFO][Sync] Credentials changed for: EdgeSyncScopeNew
2024-11-27 12:42:03.633: [WARN][Sync]    Token is empty
2024-11-27 12:42:03.634: [INFO][Sync] Connection status changed to: 2
2024-11-27 12:42:22.873: [INFO][SyncAuthManager::EdgeLogTokenErrorState] Token error with: EDGE_AUTH_ERROR: 3, 13, 800704cf for account type: MSA
2024-11-27 12:42:22.873: [INFO][Sync] Credentials changed for: EdgeSyncKeyDataScope
2024-11-27 12:46:09.486: [INFO][SyncAuthManager::EdgeLogTokenErrorState] Token error with: EDGE_AUTH_ERROR: 3, 13, 800704cf for account type: MSA
2024-11-27 12:46:09.486: [INFO][Sync] Credentials changed for: EdgeSyncScopeNew
2024-11-27 12:46:09.486: [WARN][Sync]    Token is empty
2024-11-27 12:46:09.487: [INFO][Sync] Connection status changed to: 2
2024-11-27 12:46:41.225: [INFO][SyncAuthManager::EdgeLogTokenErrorState] Token error with: EDGE_AUTH_ERROR: 3, 13, 800704cf for account type: MSA
2024-11-27 12:46:41.225: [INFO][Sync] Credentials changed for: EdgeSyncKeyDataScope
2024-11-27 12:53:11.902: [INFO][SyncAuthManager::EdgeLogTokenErrorState] Token error with: EDGE_AUTH_ERROR: 3, 13, 800704cf for account type: MSA
2024-11-27 12:53:11.902: [INFO][Sync] Credentials changed for: EdgeSyncScopeNew
2024-11-27 12:53:11.902: [WARN][Sync]    Token is empty
2024-11-27 12:53:11.912: [INFO][Sync] Connection status changed to: 2
2024-11-27 12:55:15.620: [INFO][SyncAuthManager::EdgeLogTokenErrorState] Token error with: EDGE_AUTH_ERROR: 3, 13, 800704cf for account type: MSA
2024-11-27 12:55:15.620: [INFO][Sync] Credentials changed for: EdgeSyncKeyDataScope
2024-11-27 13:03:05.820: [INFO][Sync] Reset engine, reason: 0
2024-11-27 13:03:05.820: [INFO][Sync] Reset engine with reason: 0
2024-11-27 15:30:08.889: [INFO][Sync] SyncState after authenticated was: FeatureCanStart
2024-11-27 15:30:09.127: [INFO][Sync] Try to start sync engine
2024-11-27 15:30:09.127: [INFO][SyncManagerImpl::NudgeForInitialDownload] Initial download nudge for Encryption Keys
2024-11-27 15:30:09.127: [INFO][SyncEngineBackend::LoadAndConnectNigoriController] Load and connect Nigori controller
2024-11-27 15:30:09.127: [INFO][SyncEngineBackend::DoInitialize] Control Types added: Encryption Keys
2024-11-27 15:30:09.127: [INFO][SyncManagerImpl::ConfigureSyncer] Types to download: Encryption Keys with reason: 3
2024-11-27 15:30:09.127: [INFO][SyncSchedulerImpl::DoConfigurationSyncCycleJob] Configure job was blocked
2024-11-27 15:30:44.427: [INFO][SyncAuthManager::EdgeLogTokenErrorState] Token error with: EDGE_AUTH_ERROR: 3, 13, 800704cf for account type: MSA
2024-11-27 15:30:44.427: [INFO][Sync] Credentials changed for: EdgeSyncKeyDataScope
2024-11-27 15:30:45.822: [INFO][SyncAuthManager::EdgeLogTokenErrorState] Token error with: EDGE_AUTH_ERROR: 3, 13, 800704cf for account type: MSA
2024-11-27 15:30:45.822: [INFO][Sync] Credentials changed for: EdgeSyncScopeNew
2024-11-27 15:30:45.822: [WARN][Sync]    Token is empty
2024-11-27 15:30:45.823: [INFO][Sync] Connection status changed to: 2
2024-11-27 15:31:18.364: [INFO][SyncAuthManager::EdgeLogTokenErrorState] Token error with: EDGE_AUTH_ERROR: 3, 13, 800704cf for account type: MSA
2024-11-27 15:31:18.364: [INFO][Sync] Credentials changed for: EdgeSyncKeyDataScope
2024-11-27 15:31:19.057: [INFO][SyncAuthManager::EdgeLogTokenErrorState] Token error with: EDGE_AUTH_ERROR: 3, 13, 800704cf for account type: MSA
2024-11-27 15:31:19.058: [INFO][Sync] Credentials changed for: EdgeSyncScopeNew
2024-11-27 15:31:19.058: [WARN][Sync]    Token is empty
2024-11-27 15:31:19.058: [INFO][Sync] Connection status changed to: 2
2024-11-27 15:31:54.066: [INFO][SyncAuthManager::EdgeLogTokenErrorState] Token error with: EDGE_AUTH_ERROR: 3, 13, 800704cf for account type: MSA
2024-11-27 15:31:54.066: [INFO][Sync] Credentials changed for: EdgeSyncScopeNew
2024-11-27 15:31:54.066: [WARN][Sync]    Token is empty
2024-11-27 15:31:54.067: [INFO][Sync] Connection status changed to: 2
2024-11-27 15:31:54.721: [INFO][SyncAuthManager::EdgeLogTokenErrorState] Token error with: EDGE_AUTH_ERROR: 3, 13, 800704cf for account type: MSA
2024-11-27 15:31:54.721: [INFO][Sync] Credentials changed for: EdgeSyncKeyDataScope
2024-11-27 15:32:33.104: [INFO][SyncAuthManager::EdgeLogTokenErrorState] Token error with: EDGE_AUTH_ERROR: 3, 13, 800704cf for account type: MSA
2024-11-27 15:32:33.104: [INFO][Sync] Credentials changed for: EdgeSyncScopeNew
2024-11-27 15:32:33.104: [WARN][Sync]    Token is empty
2024-11-27 15:32:33.105: [INFO][Sync] Connection status changed to: 2
2024-11-27 15:32:33.130: [INFO][SyncAuthManager::EdgeLogTokenErrorState] Token error with: EDGE_AUTH_ERROR: 3, 13, 800704cf for account type: MSA
2024-11-27 15:32:33.130: [INFO][Sync] Credentials changed for: EdgeSyncKeyDataScope
2024-11-27 15:33:14.713: [INFO][SyncAuthManager::EdgeLogTokenErrorState] Token error with: EDGE_AUTH_ERROR: 3, 13, 800704cf for account type: MSA
2024-11-27 15:33:14.713: [INFO][Sync] Credentials changed for: EdgeSyncScopeNew
2024-11-27 15:33:14.713: [WARN][Sync]    Token is empty
2024-11-27 15:33:14.715: [INFO][Sync] Connection status changed to: 2
2024-11-27 15:33:15.865: [INFO][SyncAuthManager::EdgeLogTokenErrorState] Token error with: EDGE_AUTH_ERROR: 3, 13, 800704cf for account type: MSA
2024-11-27 15:33:15.865: [INFO][Sync] Credentials changed for: EdgeSyncKeyDataScope
2024-11-27 15:34:02.444: [INFO][SyncAuthManager::EdgeLogTokenErrorState] Token error with: EDGE_AUTH_ERROR: 3, 13, 800704cf for account type: MSA
2024-11-27 15:34:02.444: [INFO][Sync] Credentials changed for: EdgeSyncKeyDataScope
2024-11-27 15:34:03.843: [INFO][SyncAuthManager::EdgeLogTokenErrorState] Token error with: EDGE_AUTH_ERROR: 3, 13, 800704cf for account type: MSA
2024-11-27 15:34:03.843: [INFO][Sync] Credentials changed for: EdgeSyncScopeNew
2024-11-27 15:34:03.843: [WARN][Sync]    Token is empty
2024-11-27 15:34:03.844: [INFO][Sync] Connection status changed to: 2
2024-11-27 15:35:04.182: [INFO][SyncAuthManager::EdgeLogTokenErrorState] Token error with: EDGE_AUTH_ERROR: 3, 13, 800704cf for account type: MSA
2024-11-27 15:35:04.182: [INFO][Sync] Credentials changed for: EdgeSyncScopeNew
2024-11-27 15:35:04.182: [WARN][Sync]    Token is empty
2024-11-27 15:35:04.183: [INFO][Sync] Connection status changed to: 2
2024-11-27 15:35:06.952: [INFO][SyncAuthManager::EdgeLogTokenErrorState] Token error with: EDGE_AUTH_ERROR: 3, 13, 800704cf for account type: MSA
2024-11-27 15:35:06.952: [INFO][Sync] Credentials changed for: EdgeSyncKeyDataScope
2024-11-27 15:36:34.036: [INFO][SyncAuthManager::EdgeLogTokenErrorState] Token error with: EDGE_AUTH_ERROR: 3, 13, 800704cf for account type: MSA
2024-11-27 15:36:34.036: [INFO][Sync] Credentials changed for: EdgeSyncScopeNew
2024-11-27 15:36:34.036: [WARN][Sync]    Token is empty
2024-11-27 15:36:34.038: [INFO][Sync] Connection status changed to: 2
2024-11-27 15:36:45.360: [INFO][SyncAuthManager::EdgeLogTokenErrorState] Token error with: EDGE_AUTH_ERROR: 3, 13, 800704cf for account type: MSA
2024-11-27 15:36:45.361: [INFO][Sync] Credentials changed for: EdgeSyncKeyDataScope
2024-11-27 15:39:03.760: [INFO][SyncAuthManager::EdgeLogTokenErrorState] Token error with: EDGE_AUTH_ERROR: 3, 13, 800704cf for account type: MSA
2024-11-27 15:39:03.760: [INFO][Sync] Credentials changed for: EdgeSyncKeyDataScope
2024-11-27 15:39:14.950: [INFO][SyncAuthManager::EdgeLogTokenErrorState] Token error with: EDGE_AUTH_ERROR: 3, 13, 800704cf for account type: MSA
2024-11-27 15:39:14.950: [INFO][Sync] Credentials changed for: EdgeSyncScopeNew
2024-11-27 15:39:14.950: [WARN][Sync]    Token is empty
2024-11-27 15:39:14.952: [INFO][Sync] Connection status changed to: 2
2024-11-27 15:43:39.221: [INFO][SyncAuthManager::EdgeLogTokenErrorState] Token error with: EDGE_AUTH_ERROR: 3, 13, 800704cf for account type: MSA
2024-11-27 15:43:39.221: [INFO][Sync] Credentials changed for: EdgeSyncKeyDataScope
2024-11-27 15:43:44.870: [INFO][SyncAuthManager::EdgeLogTokenErrorState] Token error with: EDGE_AUTH_ERROR: 3, 13, 800704cf for account type: MSA
2024-11-27 15:43:44.870: [INFO][Sync] Credentials changed for: EdgeSyncScopeNew
2024-11-27 15:43:44.870: [WARN][Sync]    Token is empty
2024-11-27 15:43:44.871: [INFO][Sync] Connection status changed to: 2
2024-11-27 15:49:58.695: [INFO][Sync] Reset engine, reason: 0
2024-11-27 15:49:58.695: [INFO][Sync] Reset engine with reason: 0
2024-11-27 15:50:29.293: [INFO][Sync] SyncState after authenticated was: FeatureCanStart
2024-11-27 15:50:29.585: [INFO][Sync] Try to start sync engine
2024-11-27 15:50:29.586: [INFO][SyncManagerImpl::NudgeForInitialDownload] Initial download nudge for Encryption Keys
2024-11-27 15:50:29.586: [INFO][SyncEngineBackend::LoadAndConnectNigoriController] Load and connect Nigori controller
2024-11-27 15:50:29.586: [INFO][SyncEngineBackend::DoInitialize] Control Types added: Encryption Keys
2024-11-27 15:50:29.586: [INFO][SyncManagerImpl::ConfigureSyncer] Types to download: Encryption Keys with reason: 3
2024-11-27 15:50:29.586: [INFO][SyncSchedulerImpl::DoConfigurationSyncCycleJob] Configure job was blocked
2024-11-27 15:51:04.714: [INFO][SyncAuthManager::EdgeLogTokenErrorState] Token error with: EDGE_AUTH_ERROR: 3, 13, 800704cf for account type: MSA
2024-11-27 15:51:04.714: [INFO][Sync] Credentials changed for: EdgeSyncKeyDataScope
2024-11-27 15:51:05.288: [INFO][SyncAuthManager::EdgeLogTokenErrorState] Token error with: EDGE_AUTH_ERROR: 3, 13, 800704cf for account type: MSA
2024-11-27 15:51:05.288: [INFO][Sync] Credentials changed for: EdgeSyncScopeNew
2024-11-27 15:51:05.288: [WARN][Sync]    Token is empty
2024-11-27 15:51:05.289: [INFO][Sync] Connection status changed to: 2
2024-11-27 15:51:39.210: [INFO][SyncAuthManager::EdgeLogTokenErrorState] Token error with: EDGE_AUTH_ERROR: 3, 13, 800704cf for account type: MSA
2024-11-27 15:51:39.210: [INFO][Sync] Credentials changed for: EdgeSyncKeyDataScope
2024-11-27 15:51:39.257: [INFO][SyncAuthManager::EdgeLogTokenErrorState] Token error with: EDGE_AUTH_ERROR: 3, 13, 800704cf for account type: MSA
2024-11-27 15:51:39.257: [INFO][Sync] Credentials changed for: EdgeSyncScopeNew
2024-11-27 15:51:39.257: [WARN][Sync]    Token is empty
2024-11-27 15:51:39.258: [INFO][Sync] Connection status changed to: 2
2024-11-27 15:51:52.932: [INFO][Sync] Reset engine, reason: 0
2024-11-27 15:51:52.932: [INFO][Sync] Reset engine with reason: 0
